[debug] [2022-12-01T16:07:53.865Z] ----------------------------------------------------------------------
[debug] [2022-12-01T16:07:53.867Z] Command:       C:\Program Files\nodejs\node.exe C:\Users\MD\AppData\Roaming\npm\node_modules\firebase-tools\lib\bin\firebase.js deploy
[debug] [2022-12-01T16:07:53.868Z] CLI Version:   11.16.1
[debug] [2022-12-01T16:07:53.868Z] Platform:      win32
[debug] [2022-12-01T16:07:53.868Z] Node Version:  v16.15.1
[debug] [2022-12-01T16:07:53.869Z] Time:          Thu Dec 01 2022 22:07:53 GMT+0600 (Bangladesh Standard Time)
[debug] [2022-12-01T16:07:53.869Z] ----------------------------------------------------------------------
[debug] 
[debug] [2022-12-01T16:07:53.956Z] > command requires scopes: ["email","openid","https://www.googleapis.com/auth/cloudplatformprojects.readonly","https://www.googleapis.com/auth/firebase","https://www.googleapis.com/auth/cloud-platform"]
[debug] [2022-12-01T16:07:53.957Z] > authorizing via signed-in user (ehasanulh1@gmail.com)
[debug] [2022-12-01T16:07:53.957Z] [iam] checking project ema-john-simple-df4d2 for permissions ["firebase.projects.get","firebasehosting.sites.update"]
[debug] [2022-12-01T16:07:53.960Z] >>> [apiv2][query] POST https://cloudresourcemanager.googleapis.com/v1/projects/ema-john-simple-df4d2:testIamPermissions [none]
[debug] [2022-12-01T16:07:53.960Z] >>> [apiv2][(partial)header] POST https://cloudresourcemanager.googleapis.com/v1/projects/ema-john-simple-df4d2:testIamPermissions x-goog-quota-user=projects/ema-john-simple-df4d2
[debug] [2022-12-01T16:07:53.961Z] >>> [apiv2][body] POST https://cloudresourcemanager.googleapis.com/v1/projects/ema-john-simple-df4d2:testIamPermissions {"permissions":["firebase.projects.get","firebasehosting.sites.update"]}
[debug] [2022-12-01T16:07:59.256Z] <<< [apiv2][status] POST https://cloudresourcemanager.googleapis.com/v1/projects/ema-john-simple-df4d2:testIamPermissions 200
[debug] [2022-12-01T16:07:59.256Z] <<< [apiv2][body] POST https://cloudresourcemanager.googleapis.com/v1/projects/ema-john-simple-df4d2:testIamPermissions {"permissions":["firebase.projects.get","firebasehosting.sites.update"]}
[debug] [2022-12-01T16:07:59.259Z] >>> [apiv2][query] GET https://firebase.googleapis.com/v1beta1/projects/ema-john-simple-df4d2 [none]
[debug] [2022-12-01T16:07:59.862Z] <<< [apiv2][status] GET https://firebase.googleapis.com/v1beta1/projects/ema-john-simple-df4d2 200
[debug] [2022-12-01T16:07:59.862Z] <<< [apiv2][body] GET https://firebase.googleapis.com/v1beta1/projects/ema-john-simple-df4d2 {"projectId":"ema-john-simple-df4d2","projectNumber":"878495720330","displayName":"ema-john-simple","name":"projects/ema-john-simple-df4d2","resources":{"hostingSite":"ema-john-simple-df4d2"},"state":"ACTIVE","etag":"1_15f3f3d6-3c02-47bb-baf4-4fcb5fd2259f"}
[info] 
[info] === Deploying to 'ema-john-simple-df4d2'...
[info] 
[info] i  deploying hosting 
[debug] [2022-12-01T16:07:59.870Z] >>> [apiv2][query] POST https://firebasehosting.googleapis.com/v1beta1/projects/-/sites/ema-john-simple-df4d2/versions [none]
[debug] [2022-12-01T16:07:59.870Z] >>> [apiv2][body] POST https://firebasehosting.googleapis.com/v1beta1/projects/-/sites/ema-john-simple-df4d2/versions {"status":"CREATED","labels":{"deployment-tool":"cli-firebase"}}
[debug] [2022-12-01T16:08:03.289Z] <<< [apiv2][status] POST https://firebasehosting.googleapis.com/v1beta1/projects/-/sites/ema-john-simple-df4d2/versions 200
[debug] [2022-12-01T16:08:03.290Z] <<< [apiv2][body] POST https://firebasehosting.googleapis.com/v1beta1/projects/-/sites/ema-john-simple-df4d2/versions {"name":"projects/878495720330/sites/ema-john-simple-df4d2/versions/cc1833d207359ae5","status":"CREATED","config":{},"labels":{"deployment-tool":"cli-firebase"}}
[info] i  hosting[ema-john-simple-df4d2]: beginning deploy... 
[info] i  hosting[ema-john-simple-df4d2]: found 16 files in build 
[debug] [2022-12-01T16:08:03.324Z] [hosting] uploading with 200 concurrency
[debug] [2022-12-01T16:08:03.335Z] [hosting] hash cache [YnVpbGQ] stored for 16 files
[debug] [2022-12-01T16:08:03.335Z] [hosting][hash queue][FINAL] {"max":4,"min":0,"avg":0,"active":0,"complete":16,"success":16,"errored":0,"retried":0,"total":16,"elapsed":7}
[debug] [2022-12-01T16:08:03.336Z] >>> [apiv2][query] POST https://firebasehosting.googleapis.com/v1beta1/projects/878495720330/sites/ema-john-simple-df4d2/versions/cc1833d207359ae5:populateFiles [none]
[debug] [2022-12-01T16:08:03.336Z] >>> [apiv2][body] POST https://firebasehosting.googleapis.com/v1beta1/projects/878495720330/sites/ema-john-simple-df4d2/versions/cc1833d207359ae5:populateFiles {"files":{"/asset-manifest.json":"a1e682ec7534b71834145d99068e0e49018b4acde999674de8c5ec84f7022427","/favicon.ico":"0969be82c7701bf4de58d53af1a6ef4b9f8da2f9f509cc8daac533db48812d40","/index.html":"41b12a214f7ccf2a09af4fd4083129282cdb47d287b97e005ecad4f61d7b8d98","/logo192.png":"3ee59515172ee198f3be375979df15ac5345183e656720a381b8872b2a39dc8b","/logo512.png":"ee7e2f3fdb8209c4b6fd7bef6ba50d1b9dba30a25bb5c3126df057e1cb6f5331","/manifest.json":"5c997de1364b8be939319fa9209abd77f2caf7f8844999a9e2e9173f844e7840","/products.json":"0394d92be047ddfd8bb926e1dcc8b011a23a06afcb7a8cf59c4c27cfe7d51f7c","/robots.txt":"b2090cf9761ef60aa06e4fab97679bd43dfa5e5df073701ead5879d7c68f1ec5","/static/css/main.96066be6.css":"97fe08bf46fddee4bcccfca63808b975f8a2621c768cdacebc1816c77e2430e3","/static/css/main.96066be6.css.map":"a665523d522a275747d3135d25977c09c9b8657e298d6f78dde3e225eb78b226","/static/js/787.54ff0e24.chunk.js":"11329d48ff8a26bd57ee1f231c6ce4724466f710ebdb3ae7d8ed1b31ac40f497","/static/js/787.54ff0e24.chunk.js.map":"4c0a89fec03347393a7d7230563d0364a1b4f8ae0d10db3726c529beafd8e7b0","/static/js/main.5676a33c.js":"6104de0e2bce02f4570e7e0ffdb7b88923542e0df42c97a05c193fe694336a35","/static/js/main.5676a33c.js.LICENSE.txt":"b5133102172b5cd8c8cad166c39a2d9a65fb5eb175a5f9eaf63cb5eb7b96c673","/static/js/main.5676a33c.js.map":"d9b2453f0266af224f9e34651c9a0136f93a68964e6f90a6c04e62eb2ffaade5","/static/media/Logo.311dd846bc480af4fcd81826b6b793a8.svg":"9fe22038c18e98f961be694e81c2acc29de4d8ed52af8b879c885cad93f57f1f"}}
[debug] [2022-12-01T16:08:04.752Z] <<< [apiv2][status] POST https://firebasehosting.googleapis.com/v1beta1/projects/878495720330/sites/ema-john-simple-df4d2/versions/cc1833d207359ae5:populateFiles 200
[debug] [2022-12-01T16:08:04.752Z] <<< [apiv2][body] POST https://firebasehosting.googleapis.com/v1beta1/projects/878495720330/sites/ema-john-simple-df4d2/versions/cc1833d207359ae5:populateFiles {"uploadRequiredHashes":["d9b2453f0266af224f9e34651c9a0136f93a68964e6f90a6c04e62eb2ffaade5"],"uploadUrl":"https://upload-firebasehosting.googleapis.com/upload/sites/ema-john-simple-df4d2/versions/cc1833d207359ae5/files"}
[debug] [2022-12-01T16:08:04.754Z] >>> [apiv2][query] POST https://upload-firebasehosting.googleapis.com/upload/sites/ema-john-simple-df4d2/versions/cc1833d207359ae5/files/d9b2453f0266af224f9e34651c9a0136f93a68964e6f90a6c04e62eb2ffaade5 [none]
[debug] [2022-12-01T16:08:04.754Z] >>> [apiv2][body] POST https://upload-firebasehosting.googleapis.com/upload/sites/ema-john-simple-df4d2/versions/cc1833d207359ae5/files/d9b2453f0266af224f9e34651c9a0136f93a68964e6f90a6c04e62eb2ffaade5 [stream]
[debug] [2022-12-01T16:08:04.755Z] [hosting][populate queue][FINAL] {"max":1421,"min":1421,"avg":1421,"active":0,"complete":1,"success":1,"errored":0,"retried":0,"total":1,"elapsed":1422}
[debug] [2022-12-01T16:08:04.755Z] [hosting] uploads queued: 1
[debug] [2022-12-01T16:08:42.053Z] [uploadQueue] Retrying task d9b2453f0266af224f9e34651c9a0136f93a68964e6f90a6c04e62eb2ffaade5
[debug] [2022-12-01T16:08:42.054Z] >>> [apiv2][query] POST https://upload-firebasehosting.googleapis.com/upload/sites/ema-john-simple-df4d2/versions/cc1833d207359ae5/files/d9b2453f0266af224f9e34651c9a0136f93a68964e6f90a6c04e62eb2ffaade5 [none]
[debug] [2022-12-01T16:08:42.055Z] >>> [apiv2][body] POST https://upload-firebasehosting.googleapis.com/upload/sites/ema-john-simple-df4d2/versions/cc1833d207359ae5/files/d9b2453f0266af224f9e34651c9a0136f93a68964e6f90a6c04e62eb2ffaade5 [stream]
[debug] [2022-12-01T16:09:37.160Z] [uploadQueue] Retrying task d9b2453f0266af224f9e34651c9a0136f93a68964e6f90a6c04e62eb2ffaade5
[debug] [2022-12-01T16:09:37.161Z] >>> [apiv2][query] POST https://upload-firebasehosting.googleapis.com/upload/sites/ema-john-simple-df4d2/versions/cc1833d207359ae5/files/d9b2453f0266af224f9e34651c9a0136f93a68964e6f90a6c04e62eb2ffaade5 [none]
[debug] [2022-12-01T16:09:37.161Z] >>> [apiv2][body] POST https://upload-firebasehosting.googleapis.com/upload/sites/ema-john-simple-df4d2/versions/cc1833d207359ae5/files/d9b2453f0266af224f9e34651c9a0136f93a68964e6f90a6c04e62eb2ffaade5 [stream]
[debug] [2022-12-01T16:10:16.950Z] [uploadQueue] Retrying task d9b2453f0266af224f9e34651c9a0136f93a68964e6f90a6c04e62eb2ffaade5
[debug] [2022-12-01T16:10:16.951Z] >>> [apiv2][query] POST https://upload-firebasehosting.googleapis.com/upload/sites/ema-john-simple-df4d2/versions/cc1833d207359ae5/files/d9b2453f0266af224f9e34651c9a0136f93a68964e6f90a6c04e62eb2ffaade5 [none]
[debug] [2022-12-01T16:10:16.951Z] >>> [apiv2][body] POST https://upload-firebasehosting.googleapis.com/upload/sites/ema-john-simple-df4d2/versions/cc1833d207359ae5/files/d9b2453f0266af224f9e34651c9a0136f93a68964e6f90a6c04e62eb2ffaade5 [stream]
